\BOOKMARK [0][-]{chapter*.1}{Abstract}{}% 1
\BOOKMARK [0][-]{section*.2}{Table of Contents}{}% 2
\BOOKMARK [0][-]{section*.3}{List of Tables}{}% 3
\BOOKMARK [0][-]{section*.4}{List of Figures}{}% 4
\BOOKMARK [0][-]{chapter*.5}{Acknowledgements}{}% 5
\BOOKMARK [0][-]{chapter.1}{1 Introduction}{}% 6
\BOOKMARK [0][-]{chapter.2}{2 Background}{}% 7
\BOOKMARK [1][-]{section.2.1}{2.1 Key Terms and Definitions}{chapter.2}% 8
\BOOKMARK [1][-]{section.2.2}{2.2 Reddit}{chapter.2}% 9
\BOOKMARK [2][-]{subsection.2.2.1}{2.2.1 History}{section.2.2}% 10
\BOOKMARK [2][-]{subsection.2.2.2}{2.2.2 Community}{section.2.2}% 11
\BOOKMARK [0][-]{chapter.3}{3 Technical Stack}{}% 12
\BOOKMARK [1][-]{section.3.1}{3.1 Laravel}{chapter.3}% 13
\BOOKMARK [2][-]{subsection.3.1.1}{3.1.1 MVC}{section.3.1}% 14
\BOOKMARK [1][-]{section.3.2}{3.2 Storage}{chapter.3}% 15
\BOOKMARK [2][-]{subsection.3.2.1}{3.2.1 MySQL}{section.3.2}% 16
\BOOKMARK [2][-]{subsection.3.2.2}{3.2.2 BigQuery}{section.3.2}% 17
\BOOKMARK [1][-]{section.3.3}{3.3 SciPy}{chapter.3}% 18
\BOOKMARK [0][-]{chapter.4}{4 Algorithms and Methods}{}% 19
\BOOKMARK [1][-]{section.4.1}{4.1 Hierarchical Clustering}{chapter.4}% 20
\BOOKMARK [2][-]{subsection.4.1.1}{4.1.1 The Clustering Process}{section.4.1}% 21
\BOOKMARK [1][-]{section.4.2}{4.2 Image Classification}{chapter.4}% 22
\BOOKMARK [0][-]{chapter.5}{5 Implementation}{}% 23
\BOOKMARK [1][-]{section.5.1}{5.1 phpRaw}{chapter.5}% 24
\BOOKMARK [1][-]{section.5.2}{5.2 Rally}{chapter.5}% 25
\BOOKMARK [2][-]{subsection.5.2.1}{5.2.1 User Statistics}{section.5.2}% 26
\BOOKMARK [2][-]{subsection.5.2.2}{5.2.2 Subreddit Clustering}{section.5.2}% 27
\BOOKMARK [2][-]{subsection.5.2.3}{5.2.3 Big Data}{section.5.2}% 28
\BOOKMARK [1][-]{section.5.3}{5.3 RallySearch}{chapter.5}% 29
\BOOKMARK [2][-]{subsection.5.3.1}{5.3.1 Overview}{section.5.3}% 30
\BOOKMARK [2][-]{subsection.5.3.2}{5.3.2 User Interface}{section.5.3}% 31
\BOOKMARK [2][-]{subsection.5.3.3}{5.3.3 Technical Overview}{section.5.3}% 32
\BOOKMARK [2][-]{subsection.5.3.4}{5.3.4 Public Reception}{section.5.3}% 33
\BOOKMARK [2][-]{subsection.5.3.5}{5.3.5 Analytics}{section.5.3}% 34
\BOOKMARK [2][-]{subsection.5.3.6}{5.3.6 Open Source}{section.5.3}% 35
\BOOKMARK [2][-]{subsection.5.3.7}{5.3.7 Moving Forward}{section.5.3}% 36
\BOOKMARK [0][-]{chapter.6}{6 Conclusions}{}% 37
\BOOKMARK [0][-]{chapter*.12}{Bibliography}{}% 38
